[debug] [2025-07-07T09:21:38.037Z] ----------------------------------------------------------------------
[debug] [2025-07-07T09:21:38.041Z] Command:       /usr/local/bin/node /usr/local/bin/firebase deploy
[debug] [2025-07-07T09:21:38.041Z] CLI Version:   14.6.0
[debug] [2025-07-07T09:21:38.041Z] Platform:      darwin
[debug] [2025-07-07T09:21:38.042Z] Node Version:  v22.16.0
[debug] [2025-07-07T09:21:38.042Z] Time:          Mon Jul 07 2025 11:21:38 GMT+0200 (hora de verano de Europa central)
[debug] [2025-07-07T09:21:38.042Z] ----------------------------------------------------------------------
[debug] 
[debug] [2025-07-07T09:21:38.309Z] Object "/hosting/frameworksBackend" in "firebase.json" has unknown property: {"additionalProperty":"serviceId"}
[debug] [2025-07-07T09:21:38.310Z] Field "/hosting" in "firebase.json" is possibly invalid: must be array
[debug] [2025-07-07T09:21:38.310Z] Field "/hosting" in "firebase.json" is possibly invalid: must match a schema in anyOf
[debug] [2025-07-07T09:21:38.314Z] > command requires scopes: ["email","openid","https://www.googleapis.com/auth/cloudplatformprojects.readonly","https://www.googleapis.com/auth/firebase","https://www.googleapis.com/auth/cloud-platform"]
[debug] [2025-07-07T09:21:38.315Z] > authorizing via signed-in user (txellbm@gmail.com)
[debug] [2025-07-07T09:21:38.315Z] [iam] checking project apprepon for permissions ["datastore.indexes.create","datastore.indexes.delete","datastore.indexes.list","datastore.indexes.update","firebase.projects.get","firebasehosting.sites.update"]
[debug] [2025-07-07T09:21:38.317Z] Checked if tokens are valid: true, expires at: 1751882861625
[debug] [2025-07-07T09:21:38.317Z] Checked if tokens are valid: true, expires at: 1751882861625
[debug] [2025-07-07T09:21:38.319Z] >>> [apiv2][query] POST https://cloudresourcemanager.googleapis.com/v1/projects/apprepon:testIamPermissions [none]
[debug] [2025-07-07T09:21:38.319Z] >>> [apiv2][(partial)header] POST https://cloudresourcemanager.googleapis.com/v1/projects/apprepon:testIamPermissions x-goog-quota-user=projects/apprepon
[debug] [2025-07-07T09:21:38.319Z] >>> [apiv2][body] POST https://cloudresourcemanager.googleapis.com/v1/projects/apprepon:testIamPermissions {"permissions":["datastore.indexes.create","datastore.indexes.delete","datastore.indexes.list","datastore.indexes.update","firebase.projects.get","firebasehosting.sites.update"]}
[debug] [2025-07-07T09:21:39.359Z] <<< [apiv2][status] POST https://cloudresourcemanager.googleapis.com/v1/projects/apprepon:testIamPermissions 200
[debug] [2025-07-07T09:21:39.360Z] <<< [apiv2][body] POST https://cloudresourcemanager.googleapis.com/v1/projects/apprepon:testIamPermissions {"permissions":["datastore.indexes.create","datastore.indexes.delete","datastore.indexes.list","datastore.indexes.update","firebase.projects.get","firebasehosting.sites.update"]}
[debug] [2025-07-07T09:21:39.360Z] Checked if tokens are valid: true, expires at: 1751882861625
[debug] [2025-07-07T09:21:39.361Z] Checked if tokens are valid: true, expires at: 1751882861625
[debug] [2025-07-07T09:21:39.361Z] >>> [apiv2][query] GET https://firebase.googleapis.com/v1beta1/projects/apprepon [none]
[debug] [2025-07-07T09:21:39.734Z] <<< [apiv2][status] GET https://firebase.googleapis.com/v1beta1/projects/apprepon 200
[debug] [2025-07-07T09:21:39.734Z] <<< [apiv2][body] GET https://firebase.googleapis.com/v1beta1/projects/apprepon {"projectId":"apprepon","projectNumber":"165040282600","displayName":"AppRePon","name":"projects/apprepon","resources":{"hostingSite":"apprepon"},"state":"ACTIVE","etag":"1_8de285fe-5371-494c-b6f3-62a9dc59d717"}
[debug] [2025-07-07T09:21:43.158Z] Checked if tokens are valid: true, expires at: 1751882861625
[debug] [2025-07-07T09:21:43.158Z] Checked if tokens are valid: true, expires at: 1751882861625
[debug] [2025-07-07T09:21:43.158Z] >>> [apiv2][query] GET https://firebasehosting.googleapis.com/v1beta1/projects/apprepon/sites pageToken=&pageSize=10
[debug] [2025-07-07T09:21:44.548Z] <<< [apiv2][status] GET https://firebasehosting.googleapis.com/v1beta1/projects/apprepon/sites 200
[debug] [2025-07-07T09:21:44.548Z] <<< [apiv2][body] GET https://firebasehosting.googleapis.com/v1beta1/projects/apprepon/sites {"sites":[{"name":"projects/apprepon/sites/apprepon","defaultUrl":"https://apprepon.web.app","appId":"1:165040282600:web:3869fbbfee23f559fce25d","type":"DEFAULT_SITE"}]}
[debug] [2025-07-07T09:21:44.549Z] Checked if tokens are valid: true, expires at: 1751882861625
[debug] [2025-07-07T09:21:44.549Z] Checked if tokens are valid: true, expires at: 1751882861625
[debug] [2025-07-07T09:21:44.549Z] >>> [apiv2][query] GET https://firebase.googleapis.com/v1beta1/projects/-/webApps/1:165040282600:web:3869fbbfee23f559fce25d/config [none]
[debug] [2025-07-07T09:21:45.218Z] <<< [apiv2][status] GET https://firebase.googleapis.com/v1beta1/projects/-/webApps/1:165040282600:web:3869fbbfee23f559fce25d/config 200
[debug] [2025-07-07T09:21:45.218Z] <<< [apiv2][body] GET https://firebase.googleapis.com/v1beta1/projects/-/webApps/1:165040282600:web:3869fbbfee23f559fce25d/config {"projectId":"apprepon","appId":"1:165040282600:web:3869fbbfee23f559fce25d","storageBucket":"apprepon.firebasestorage.app","apiKey":"AIzaSyA66O2Gjf2lyUqh6lx1cUK-GAzwNJ-VU1g","authDomain":"apprepon.firebaseapp.com","messagingSenderId":"165040282600"}
[info] 
   Thank you for trying our early preview of Next.js support on Firebase Hosting.
   During the preview, support is best-effort and breaking changes can be expected. Proceed with caution.
   The integration is known to work with Next.js version 12 - 15.0. You may encounter errors.

   Documentation: https://firebase.google.com/docs/hosting/frameworks/nextjs
   File a bug: https://github.com/firebase/firebase-tools/issues/new?template=bug_report.md
   Submit a feature request: https://github.com/firebase/firebase-tools/issues/new?template=feature_request.md

   We'd love to learn from you. Express your interest in helping us shape the future of Firebase Hosting: https://goo.gle/41enW5X

[debug] [2025-07-07T09:21:50.096Z] Checked if tokens are valid: true, expires at: 1751882861625
[debug] [2025-07-07T09:21:50.096Z] Checked if tokens are valid: true, expires at: 1751882861625
[debug] [2025-07-07T09:21:50.096Z] >>> [apiv2][query] GET https://firebasehosting.googleapis.com/v1beta1/projects/apprepon/sites/apprepon [none]
[debug] [2025-07-07T09:21:51.058Z] <<< [apiv2][status] GET https://firebasehosting.googleapis.com/v1beta1/projects/apprepon/sites/apprepon 200
[debug] [2025-07-07T09:21:51.058Z] <<< [apiv2][body] GET https://firebasehosting.googleapis.com/v1beta1/projects/apprepon/sites/apprepon {"name":"projects/apprepon/sites/apprepon","defaultUrl":"https://apprepon.web.app","appId":"1:165040282600:web:3869fbbfee23f559fce25d","type":"DEFAULT_SITE"}
[info]    ▲ Next.js 15.3.3

[info]    - Environments: .env.local, .env


[info]    Creating an optimized production build ...

[info]  ⚠ Compiled with warnings in 10.0s

./node_modules/@opentelemetry/sdk-node/build/src/TracerProviderWithEnvExporter.js
Module not found: Can't resolve '@opentelemetry/exporter-jaeger' in '/Users/meri/Documents/AppRePon/node_modules/@opentelemetry/sdk-node/build/src'

Import trace for requested module:
./node_modules/@opentelemetry/sdk-node/build/src/TracerProviderWithEnvExporter.js
./node_modules/@opentelemetry/sdk-node/build/src/sdk.js
./node_modules/@opentelemetry/sdk-node/build/src/index.js
./node_modules/@genkit-ai/core/lib/tracing.js
./node_modules/genkit/lib/tracing.js
./node_modules/genkit/lib/genkit.js
./node_modules/genkit/lib/index.mjs
./src/ai/flows/categorize-product.ts
./src/lib/actions.ts

./node_modules/handlebars/lib/index.js
require.extensions is not supported by webpack. Use a loader instead.

Import trace for requested module:
./node_modules/handlebars/lib/index.js
./node_modules/dotprompt/dist/index.js
./node_modules/@genkit-ai/core/lib/registry.js
./node_modules/genkit/lib/registry.js
./node_modules/genkit/lib/genkit.js
./node_modules/genkit/lib/index.mjs
./src/ai/flows/categorize-product.ts
./src/lib/actions.ts

./node_modules/handlebars/lib/index.js
require.extensions is not supported by webpack. Use a loader instead.

Import trace for requested module:
./node_modules/handlebars/lib/index.js
./node_modules/dotprompt/dist/index.js
./node_modules/@genkit-ai/core/lib/registry.js
./node_modules/genkit/lib/registry.js
./node_modules/genkit/lib/genkit.js
./node_modules/genkit/lib/index.mjs
./src/ai/flows/categorize-product.ts
./src/lib/actions.ts

./node_modules/handlebars/lib/index.js
require.extensions is not supported by webpack. Use a loader instead.

Import trace for requested module:
./node_modules/handlebars/lib/index.js
./node_modules/dotprompt/dist/index.js
./node_modules/@genkit-ai/core/lib/registry.js
./node_modules/genkit/lib/registry.js
./node_modules/genkit/lib/genkit.js
./node_modules/genkit/lib/index.mjs
./src/ai/flows/categorize-product.ts
./src/lib/actions.ts


[info]  ✓ Compiled successfully in 14.0s

[info]    Skipping validation of types

[info]    Skipping linting

[info]    Collecting page data ...

[info] 
> Build error occurred

[info] [Error: Page "/pantry/[listId]" is missing "generateStaticParams()" so it cannot be used with "output: export" config.]

[debug] [2025-07-07T09:22:16.763Z] Error: ENOENT: no such file or directory, open '/Users/meri/Documents/AppRePon/.next/export-marker.json'
[error] 
[error] Error: An unexpected error has occurred.
